Determining if the pthread_create exist failed with the following output:
Change Dir: /home/jahmikes/SFND_Lidar_Obstacle_Detection/src/quiz/cluster/build/CMakeFiles/CMakeTmp

Run Build Command:"/usr/bin/make" "cmTC_04f70/fast"
/usr/bin/make -f CMakeFiles/cmTC_04f70.dir/build.make CMakeFiles/cmTC_04f70.dir/build
make[1]: Entering directory '/home/jahmikes/SFND_Lidar_Obstacle_Detection/src/quiz/cluster/build/CMakeFiles/CMakeTmp'
Building C object CMakeFiles/cmTC_04f70.dir/CheckSymbolExists.c.o
/usr/bin/cc    -o CMakeFiles/cmTC_04f70.dir/CheckSymbolExists.c.o   -c /home/jahmikes/SFND_Lidar_Obstacle_Detection/src/quiz/cluster/build/CMakeFiles/CMakeTmp/CheckSymbolExists.c
Linking C executable cmTC_04f70
/usr/local/bin/cmake -E cmake_link_script CMakeFiles/cmTC_04f70.dir/link.txt --verbose=1
/usr/bin/cc      -rdynamic CMakeFiles/cmTC_04f70.dir/CheckSymbolExists.c.o  -o cmTC_04f70 
CMakeFiles/cmTC_04f70.dir/CheckSymbolExists.c.o: In function `main':
CheckSymbolExists.c:(.text+0x1b): undefined reference to `pthread_create'
collect2: error: ld returned 1 exit status
CMakeFiles/cmTC_04f70.dir/build.make:86: recipe for target 'cmTC_04f70' failed
make[1]: *** [cmTC_04f70] Error 1
make[1]: Leaving directory '/home/jahmikes/SFND_Lidar_Obstacle_Detection/src/quiz/cluster/build/CMakeFiles/CMakeTmp'
Makefile:121: recipe for target 'cmTC_04f70/fast' failed
make: *** [cmTC_04f70/fast] Error 2

File /home/jahmikes/SFND_Lidar_Obstacle_Detection/src/quiz/cluster/build/CMakeFiles/CMakeTmp/CheckSymbolExists.c:
/* */
#include <pthread.h>

int main(int argc, char** argv)
{
  (void)argv;
#ifndef pthread_create
  return ((int*)(&pthread_create))[argc];
#else
  (void)argc;
  return 0;
#endif
}

Determining if the function pthread_create exists in the pthreads failed with the following output:
Change Dir: /home/jahmikes/SFND_Lidar_Obstacle_Detection/src/quiz/cluster/build/CMakeFiles/CMakeTmp

Run Build Command:"/usr/bin/make" "cmTC_4a564/fast"
/usr/bin/make -f CMakeFiles/cmTC_4a564.dir/build.make CMakeFiles/cmTC_4a564.dir/build
make[1]: Entering directory '/home/jahmikes/SFND_Lidar_Obstacle_Detection/src/quiz/cluster/build/CMakeFiles/CMakeTmp'
Building C object CMakeFiles/cmTC_4a564.dir/CheckFunctionExists.c.o
/usr/bin/cc   -DCHECK_FUNCTION_EXISTS=pthread_create   -o CMakeFiles/cmTC_4a564.dir/CheckFunctionExists.c.o   -c /usr/local/share/cmake-3.13/Modules/CheckFunctionExists.c
Linking C executable cmTC_4a564
/usr/local/bin/cmake -E cmake_link_script CMakeFiles/cmTC_4a564.dir/link.txt --verbose=1
/usr/bin/cc  -DCHECK_FUNCTION_EXISTS=pthread_create    -rdynamic CMakeFiles/cmTC_4a564.dir/CheckFunctionExists.c.o  -o cmTC_4a564 -lpthreads 
/usr/bin/ld: cannot find -lpthreads
collect2: error: ld returned 1 exit status
CMakeFiles/cmTC_4a564.dir/build.make:86: recipe for target 'cmTC_4a564' failed
make[1]: *** [cmTC_4a564] Error 1
make[1]: Leaving directory '/home/jahmikes/SFND_Lidar_Obstacle_Detection/src/quiz/cluster/build/CMakeFiles/CMakeTmp'
Makefile:121: recipe for target 'cmTC_4a564/fast' failed
make: *** [cmTC_4a564/fast] Error 2


