Determining if the pthread_create exist failed with the following output:
Change Dir: /home/jahmikes/SFND_Lidar_Obstacle_Detection/build/CMakeFiles/CMakeTmp

Run Build Command:"/usr/bin/make" "cmTC_cb2ee/fast"
/usr/bin/make -f CMakeFiles/cmTC_cb2ee.dir/build.make CMakeFiles/cmTC_cb2ee.dir/build
make[1]: Entering directory '/home/jahmikes/SFND_Lidar_Obstacle_Detection/build/CMakeFiles/CMakeTmp'
Building C object CMakeFiles/cmTC_cb2ee.dir/CheckSymbolExists.c.o
/usr/bin/cc    -o CMakeFiles/cmTC_cb2ee.dir/CheckSymbolExists.c.o   -c /home/jahmikes/SFND_Lidar_Obstacle_Detection/build/CMakeFiles/CMakeTmp/CheckSymbolExists.c
Linking C executable cmTC_cb2ee
/usr/local/bin/cmake -E cmake_link_script CMakeFiles/cmTC_cb2ee.dir/link.txt --verbose=1
/usr/bin/cc      -rdynamic CMakeFiles/cmTC_cb2ee.dir/CheckSymbolExists.c.o  -o cmTC_cb2ee 
CMakeFiles/cmTC_cb2ee.dir/CheckSymbolExists.c.o: In function `main':
CheckSymbolExists.c:(.text+0x1b): undefined reference to `pthread_create'
collect2: error: ld returned 1 exit status
CMakeFiles/cmTC_cb2ee.dir/build.make:86: recipe for target 'cmTC_cb2ee' failed
make[1]: *** [cmTC_cb2ee] Error 1
make[1]: Leaving directory '/home/jahmikes/SFND_Lidar_Obstacle_Detection/build/CMakeFiles/CMakeTmp'
Makefile:121: recipe for target 'cmTC_cb2ee/fast' failed
make: *** [cmTC_cb2ee/fast] Error 2

File /home/jahmikes/SFND_Lidar_Obstacle_Detection/build/CMakeFiles/CMakeTmp/CheckSymbolExists.c:
/* */
#include <pthread.h>

int main(int argc, char** argv)
{
  (void)argv;
#ifndef pthread_create
  return ((int*)(&pthread_create))[argc];
#else
  (void)argc;
  return 0;
#endif
}

Determining if the function pthread_create exists in the pthreads failed with the following output:
Change Dir: /home/jahmikes/SFND_Lidar_Obstacle_Detection/build/CMakeFiles/CMakeTmp

Run Build Command:"/usr/bin/make" "cmTC_b22ee/fast"
/usr/bin/make -f CMakeFiles/cmTC_b22ee.dir/build.make CMakeFiles/cmTC_b22ee.dir/build
make[1]: Entering directory '/home/jahmikes/SFND_Lidar_Obstacle_Detection/build/CMakeFiles/CMakeTmp'
Building C object CMakeFiles/cmTC_b22ee.dir/CheckFunctionExists.c.o
/usr/bin/cc   -DCHECK_FUNCTION_EXISTS=pthread_create   -o CMakeFiles/cmTC_b22ee.dir/CheckFunctionExists.c.o   -c /usr/local/share/cmake-3.13/Modules/CheckFunctionExists.c
Linking C executable cmTC_b22ee
/usr/local/bin/cmake -E cmake_link_script CMakeFiles/cmTC_b22ee.dir/link.txt --verbose=1
/usr/bin/cc  -DCHECK_FUNCTION_EXISTS=pthread_create    -rdynamic CMakeFiles/cmTC_b22ee.dir/CheckFunctionExists.c.o  -o cmTC_b22ee -lpthreads 
/usr/bin/ld: cannot find -lpthreads
collect2: error: ld returned 1 exit status
CMakeFiles/cmTC_b22ee.dir/build.make:86: recipe for target 'cmTC_b22ee' failed
make[1]: *** [cmTC_b22ee] Error 1
make[1]: Leaving directory '/home/jahmikes/SFND_Lidar_Obstacle_Detection/build/CMakeFiles/CMakeTmp'
Makefile:121: recipe for target 'cmTC_b22ee/fast' failed
make: *** [cmTC_b22ee/fast] Error 2


